<?xml version="1.0" encoding="utf-8"?><testsuites name="pytest tests"><testsuite name="pytest" errors="0" failures="1" skipped="0" tests="6" time="1.662" timestamp="2026-08-15T12:12:53.865985+00:00" hostname="agent-env-e3eb4fe3-47e5-410f-a8cf-625b6fae8b3b"><testcase classname="tests.test_bugfix_iter5" name="test_create_empty_doc_number_rejected" time="0.571" /><testcase classname="tests.test_bugfix_iter5" name="test_create_empty_title_rejected" time="0.175" /><testcase classname="tests.test_bugfix_iter5" name="test_create_both_empty_rejected" time="0.138" /><testcase classname="tests.test_bugfix_iter5" name="test_created_doc_is_draft" time="0.043" /><testcase classname="tests.test_bugfix_iter5" name="test_full_lifecycle_and_manual_obsolete" time="0.212"><failure message="assert True is False">backend/tests/test_bugfix_iter5.py:113: in test_full_lifecycle_and_manual_obsolete
    assert j["is_current"] is False
E   assert True is False</failure></testcase><testcase classname="tests.test_bugfix_iter5" name="test_revise_effective_supersedes_previous" time="0.448" /></testsuite></testsuites>