<?xml version="1.0" encoding="utf-8"?><testsuites name="pytest tests"><testsuite name="pytest" errors="0" failures="0" skipped="0" tests="12" time="3.951" timestamp="2026-08-15T13:18:58.380361+00:00" hostname="agent-env-e3eb4fe3-47e5-410f-a8cf-625b6fae8b3b"><testcase classname="tests.test_multiproduct" name="test_admin_login" time="0.448" /><testcase classname="tests.test_multiproduct" name="test_list_jobs_has_rollup_fields" time="0.422" /><testcase classname="tests.test_multiproduct" name="test_seeded_jobs_have_items_and_points" time="0.155" /><testcase classname="tests.test_multiproduct" name="test_excel_validation_seeded_all_pass" time="0.188" /><testcase classname="tests.test_multiproduct" name="test_create_multi_product_job" time="0.100" /><testcase classname="tests.test_multiproduct" name="test_per_product_workflow_independence" time="1.204" /><testcase classname="tests.test_multiproduct" name="test_certificate_pdf" time="0.091" /><testcase classname="tests.test_multiproduct" name="test_public_verify_resolves_correct_item" time="0.234" /><testcase classname="tests.test_multiproduct" name="test_pre_release_check_per_item" time="0.050" /><testcase classname="tests.test_multiproduct" name="test_srf_multiproduct" time="0.317" /><testcase classname="tests.test_multiproduct" name="test_add_and_delete_item" time="0.182" /><testcase classname="tests.test_multiproduct" name="test_jobs_list_reflects_counts" time="0.057" /></testsuite></testsuites>