<?xml version="1.0" encoding="utf-8"?><testsuites name="pytest tests"><testsuite name="pytest" errors="0" failures="0" skipped="0" tests="11" time="2.399" timestamp="2026-08-15T11:55:12.946790+00:00" hostname="agent-env-e3eb4fe3-47e5-410f-a8cf-625b6fae8b3b"><testcase classname="tests.test_bugfix_iter3.TestProductDeleteArchive" name="test_delete_unused" time="0.927" /><testcase classname="tests.test_bugfix_iter3.TestProductValidation" name="test_empty_name_400" time="0.885" /><testcase classname="tests.test_bugfix_iter3.TestProductValidation" name="test_empty_customer_400" time="0.089" /><testcase classname="tests.test_bugfix_iter3.TestProductDeleteArchive" name="test_archive_used" time="0.358" /><testcase classname="tests.test_bugfix_iter3.TestProductValidation" name="test_valid_product_active" time="0.173" /><testcase classname="tests.test_bugfix_iter3.TestRegression" name="test_seeded_jobs_validation[CY/212.01]" time="0.107" /><testcase classname="tests.test_bugfix_iter3.TestRegression" name="test_seeded_jobs_validation[CY/219.03]" time="0.103" /><testcase classname="tests.test_bugfix_iter3.TestMasters" name="test_create_edit_delete_unused" time="0.263" /><testcase classname="tests.test_bugfix_iter3.TestProductEdit" name="test_edit_persists" time="0.347" /><testcase classname="tests.test_bugfix_iter3.TestMasters" name="test_retire_used_master" time="0.273" /><testcase classname="tests.test_bugfix_iter3.TestAudit" name="test_audit_records_product_and_master" time="0.225" /></testsuite></testsuites>