<?xml version="1.0" encoding="utf-8"?><testsuites name="pytest tests"><testsuite name="pytest" errors="0" failures="0" skipped="0" tests="10" time="3.062" timestamp="2026-08-15T12:04:41.196171+00:00" hostname="agent-env-e3eb4fe3-47e5-410f-a8cf-625b6fae8b3b"><testcase classname="tests.test_doc_attachment.TestDocAttachment" name="test_upload_as_quality_manager" time="0.950" /><testcase classname="tests.test_doc_attachment.TestDocAttachment" name="test_get_documents_lists_attachment" time="0.046" /><testcase classname="tests.test_doc_attachment.TestDocAttachment" name="test_download_with_cookie" time="0.201" /><testcase classname="tests.test_doc_attachment.TestDocAttachment" name="test_download_with_bearer" time="0.241" /><testcase classname="tests.test_doc_attachment.TestDocAttachment" name="test_download_without_auth_returns_401" time="0.092" /><testcase classname="tests.test_doc_attachment.TestDocAttachment" name="test_viewer_forbidden_from_upload" time="0.377" /><testcase classname="tests.test_doc_attachment.TestDocAttachment" name="test_oversize_file_rejected" time="0.612" /><testcase classname="tests.test_doc_attachment.TestDocAttachment" name="test_reupload_replaces_attachment" time="0.348" /><testcase classname="tests.test_doc_attachment.TestDocAttachment" name="test_history_contains_file_attached" time="0.045" /><testcase classname="tests.test_doc_attachment.TestDocAttachment" name="test_audit_log_attach_file" time="0.091" /></testsuite></testsuites>