<?xml version="1.0" encoding="utf-8"?><testsuites name="pytest tests"><testsuite name="pytest" errors="0" failures="0" skipped="0" tests="19" time="4.882" timestamp="2026-08-15T11:05:22.396007+00:00" hostname="agent-env-e3eb4fe3-47e5-410f-a8cf-625b6fae8b3b"><testcase classname="tests.backend_test.TestAuth" name="test_login_each_role[admin]" time="0.341" /><testcase classname="tests.backend_test.TestAuth" name="test_login_each_role[technician]" time="0.504" /><testcase classname="tests.backend_test.TestSeededJobs" name="test_two_seeded" time="0.833" /><testcase classname="tests.backend_test.TestSeededJobs" name="test_validation_all_pass[CY/219.03]" time="0.048" /><testcase classname="tests.backend_test.TestAuth" name="test_login_each_role[reviewer]" time="0.359" /><testcase classname="tests.backend_test.TestSeededJobs" name="test_validation_all_pass[CY/212.01]" time="0.042" /><testcase classname="tests.backend_test.TestSeededJobs" name="test_calculate" time="0.247" /><testcase classname="tests.backend_test.TestAuth" name="test_login_each_role[signatory]" time="0.515" /><testcase classname="tests.backend_test.TestRBAC" name="test_viewer_cannot_create_customer" time="0.548" /><testcase classname="tests.backend_test.TestRBAC" name="test_viewer_cannot_create_master" time="0.045" /><testcase classname="tests.backend_test.TestAuth" name="test_login_each_role[viewer]" time="0.322" /><testcase classname="tests.backend_test.TestRBAC" name="test_reviewer_cannot_approve" time="0.827" /><testcase classname="tests.backend_test.TestAuth" name="test_me" time="0.569" /><testcase classname="tests.backend_test.TestAuth" name="test_bad_login" time="0.303" /><testcase classname="tests.backend_test.TestRBAC" name="test_technician_can_create_customer" time="0.375" /><testcase classname="tests.backend_test.TestDashboard" name="test_dashboard" time="0.268" /><testcase classname="tests.backend_test.TestAudit" name="test_audit_records_reading_change" time="0.437" /><testcase classname="tests.backend_test.TestWorkflow" name="test_submit_review_approve_and_pdf" time="1.402" /><testcase classname="tests.backend_test.TestMasters" name="test_masters_have_validity" time="0.068" /></testsuite></testsuites>