<?xml version="1.0" encoding="utf-8"?><testsuites name="pytest tests"><testsuite name="pytest" errors="0" failures="0" skipped="0" tests="20" time="4.308" timestamp="2026-08-15T11:25:11.430651+00:00" hostname="agent-env-e3eb4fe3-47e5-410f-a8cf-625b6fae8b3b"><testcase classname="tests.test_workorder_flow.TestSeededWO" name="test_dashboard_has_wo_pipeline" time="0.674" /><testcase classname="tests.test_workorder_flow.TestWOFullFlow" name="test_01_start_calibration_blocked_before_srf_approval" time="0.720" /><testcase classname="tests.test_workorder_flow.TestSeededWO" name="test_seeded_wo_exists" time="0.133" /><testcase classname="tests.test_workorder_flow.TestWOFullFlow" name="test_02_review" time="0.128" /><testcase classname="tests.test_workorder_flow.TestWOFullFlow" name="test_03_prepare_srf_prefill" time="0.326" /><testcase classname="tests.test_workorder_flow.TestWOFullFlow" name="test_04_send_srf_returns_token" time="0.047" /><testcase classname="tests.test_workorder_flow.TestWOFullFlow" name="test_05_public_srf_no_auth" time="0.124" /><testcase classname="tests.test_workorder_flow.TestWORBAC" name="test_viewer_cannot_create_wo" time="0.489" /><testcase classname="tests.test_workorder_flow.TestWORBAC" name="test_public_srf_no_auth" time="0.094" /><testcase classname="tests.test_workorder_flow.TestWOFullFlow" name="test_06_start_calibration_blocked_before_customer_approval" time="0.044" /><testcase classname="tests.test_workorder_flow.TestWOFullFlow" name="test_07_public_approve_srf" time="0.101" /><testcase classname="tests.test_workorder_flow.TestSRFOtherActions" name="test_request_correction" time="0.492" /><testcase classname="tests.test_workorder_flow.TestWOFullFlow" name="test_08_start_calibration_creates_jobs" time="0.185" /><testcase classname="tests.test_workorder_flow.TestWOFullFlow" name="test_09_start_calibration_idempotent_blocked" time="0.116" /><testcase classname="tests.test_workorder_flow.TestSRFOtherActions" name="test_reject" time="0.906" /><testcase classname="tests.test_workorder_flow.TestWOFullFlow" name="test_10_certificate_pdf_headers_differ" time="1.637" /><testcase classname="tests.test_workorder_flow.TestCalcEngineUnchanged" name="test_validation_zero_fail[CY/219.03]" time="0.108" /><testcase classname="tests.test_workorder_flow.TestCalcEngineUnchanged" name="test_validation_zero_fail[CY/212.01]" time="0.099" /><testcase classname="tests.test_workorder_flow.TestWOFullFlow" name="test_11_wo_completes_when_all_jobs_certified" time="0.046" /><testcase classname="tests.test_workorder_flow.TestWOFullFlow" name="test_12_public_verify_returns_cert_type" time="0.306" /></testsuite></testsuites>